0 verbose cli C:\Program Files\nodejs\node.exe C:\Program Files\nodejs\node_modules\npm\bin\npm-cli.js
1 info using npm@8.19.4
2 info using node@v16.20.2
3 timing npm:load:whichnode Completed in 0ms
4 timing config:load:defaults Completed in 1ms
5 timing config:load:file:C:\Program Files\nodejs\node_modules\npm\npmrc Completed in 3ms
6 timing config:load:builtin Completed in 4ms
7 timing config:load:cli Completed in 2ms
8 timing config:load:env Completed in 1ms
9 timing config:load:file:C:\Users\USER\AppData\Local\Microsoft\TypeScript\5.7\.npmrc Completed in 0ms
10 timing config:load:project Completed in 4ms
11 timing config:load:file:C:\Users\USER\.npmrc Completed in 1ms
12 timing config:load:user Completed in 1ms
13 timing config:load:file:C:\Users\USER\AppData\Roaming\npm\etc\npmrc Completed in 0ms
14 timing config:load:global Completed in 0ms
15 timing config:load:validate Completed in 1ms
16 timing config:load:credentials Completed in 0ms
17 timing config:load:setEnvs Completed in 1ms
18 timing config:load Completed in 15ms
19 timing npm:load:configload Completed in 15ms
20 timing npm:load:mkdirpcache Completed in 1ms
21 timing npm:load:mkdirplogs Completed in 0ms
22 verbose title npm install @types/react@ts5.7
23 verbose argv "install" "--ignore-scripts" "@types/react@ts5.7" "--save-dev" "--user-agent" "typesInstaller/5.7.2"
24 timing npm:load:setTitle Completed in 1ms
25 timing config:load:flatten Completed in 3ms
26 timing npm:load:display Completed in 4ms
27 verbose logfile logs-max:10 dir:C:\Users\USER\mern-stack-project\.npm_cache\_logs
28 verbose logfile C:\Users\USER\mern-stack-project\.npm_cache\_logs\2025-04-21T18_34_07_133Z-debug-0.log
29 timing npm:load:logFile Completed in 5ms
30 timing npm:load:timers Completed in 0ms
31 timing npm:load:configScope Completed in 0ms
32 timing npm:load Completed in 26ms
33 timing arborist:ctor Completed in 0ms
34 silly logfile start cleaning logs, removing 2 files
35 silly logfile done cleaning log files
36 timing idealTree:init Completed in 58ms
37 timing arborist:ctor Completed in 0ms
38 http fetch GET 200 https://registry.npmjs.org/@types%2freact 9094ms (cache miss)
39 timing idealTree:userRequests Completed in 9114ms
40 silly idealTree buildDeps
41 silly fetch manifest @types/react@19.1.2
42 silly placeDep ROOT @types/react@19.1.2 REPLACE for:  want: 19.1.2
43 timing idealTree:#root Completed in 6ms
44 timing idealTree:node_modules/@types/react Completed in 0ms
45 timing idealTree:buildDeps Completed in 7ms
46 timing idealTree:fixDepFlags Completed in 1ms
47 timing idealTree Completed in 9182ms
48 timing reify:loadTrees Completed in 9182ms
49 timing reify:diffTrees Completed in 3ms
50 silly reify moves {}
51 timing reify:retireShallow Completed in 1ms
52 timing reify:createSparse Completed in 0ms
53 timing reify:loadBundles Completed in 0ms
54 silly audit bulk request {
54 silly audit   '@types/accepts': [ '1.3.7' ],
54 silly audit   '@types/aria-query': [ '5.0.4' ],
54 silly audit   '@types/assert': [ '1.5.11' ],
54 silly audit   '@types/atob': [ '2.1.4' ],
54 silly audit   '@types/bcrypt': [ '5.0.2' ],
54 silly audit   '@types/bcryptjs': [ '2.4.6' ],
54 silly audit   '@types/body-parser': [ '1.19.5' ],
54 silly audit   '@types/btoa': [ '1.2.5' ],
54 silly audit   '@types/bytes': [ '3.1.5' ],
54 silly audit   '@types/connect': [ '3.4.38' ],
54 silly audit   '@types/content-disposition': [ '0.5.8' ],
54 silly audit   '@types/content-type': [ '1.1.8' ],
54 silly audit   '@types/cookie-signature': [ '1.1.2' ],
54 silly audit   '@types/core-js': [ '2.5.8' ],
54 silly audit   '@types/cors': [ '2.8.17' ],
54 silly audit   '@types/debug': [ '4.1.12' ],
54 silly audit   '@types/depd': [ '1.1.37' ],
54 silly audit   '@types/destroy': [ '1.0.3' ],
54 silly audit   '@types/ee-first': [ '1.1.3' ],
54 silly audit   '@types/encodeurl': [ '1.0.2' ],
54 silly audit   '@types/escape-html': [ '1.0.4' ],
54 silly audit   '@types/etag': [ '1.8.3' ],
54 silly audit   '@types/express': [ '5.0.1' ],
54 silly audit   '@types/express-serve-static-core': [ '5.0.2' ],
54 silly audit   '@types/finalhandler': [ '1.2.3' ],
54 silly audit   '@types/forwarded': [ '0.1.3' ],
54 silly audit   '@types/fresh': [ '0.5.2' ],
54 silly audit   '@types/function-bind': [ '1.1.10' ],
54 silly audit   '@types/get-intrinsic': [ '1.2.3' ],
54 silly audit   '@types/gopd': [ '1.0.3' ],
54 silly audit   '@types/http-errors': [ '2.0.4' ],
54 silly audit   '@types/inherits': [ '2.0.0' ],
54 silly audit   '@types/jsonwebtoken': [ '9.0.8' ],
54 silly audit   '@types/media-typer': [ '1.1.3' ],
54 silly audit   '@types/memory-pager': [ '1.4.3' ],
54 silly audit   '@types/merge-descriptors': [ '1.0.3' ],
54 silly audit   '@types/methods': [ '1.1.4' ],
54 silly audit   '@types/mime': [ '1.3.5' ],
54 silly audit   '@types/mime-db': [ '1.43.5' ],
54 silly audit   '@types/mime-types': [ '2.1.4' ],
54 silly audit   '@types/ms': [ '2.1.0' ],
54 silly audit   '@types/multer': [ '1.4.12' ],
54 silly audit   '@types/negotiator': [ '0.6.3' ],
54 silly audit   '@types/node': [ '22.10.2' ],
54 silly audit   '@types/object-assign': [ '4.0.33' ],
54 silly audit   '@types/object-inspect': [ '1.13.0' ],
54 silly audit   '@types/on-finished': [ '2.3.4' ],
54 silly audit   '@types/parseurl': [ '1.3.3' ],
54 silly audit   '@types/pdfkit': [ '0.13.9' ],
54 silly audit   '@types/prop-types': [ '15.7.14' ],
54 silly audit   '@types/proxy-addr': [ '2.0.3' ],
54 silly audit   '@types/punycode': [ '2.1.4' ],
54 silly audit   '@types/qs': [ '6.9.18' ],
54 silly audit   '@types/range-parser': [ '1.2.7' ],
54 silly audit   '@types/react-dom': [ '19.0.2' ],
54 silly audit   '@types/react-is': [ '19.0.0' ],
54 silly audit   '@types/react-paginate': [ '7.1.4' ],
54 silly audit   '@types/safer-buffer': [ '2.1.3' ],
54 silly audit   '@types/send': [ '0.17.4' ],
54 silly audit   '@types/serve-static': [ '1.15.7' ],
54 silly audit   '@types/set-cookie-parser': [ '2.4.10' ],
54 silly audit   '@types/sparse-bitfield': [ '3.0.4' ],
54 silly audit   '@types/statuses': [ '2.0.5' ],
54 silly audit   '@types/toidentifier': [ '1.0.2' ],
54 silly audit   '@types/tr46': [ '5.0.1' ],
54 silly audit   '@types/tracking': [ '1.1.33' ],
54 silly audit   '@types/type-is': [ '1.6.7' ],
54 silly audit   '@types/utils-merge': [ '1.0.0' ],
54 silly audit   '@types/vary': [ '1.1.3' ],
54 silly audit   '@types/webidl-conversions': [ '7.0.3' ],
54 silly audit   '@types/whatwg-url': [ '13.0.0' ],
54 silly audit   csstype: [ '3.1.3' ],
54 silly audit   'types-registry': [ '0.1.717' ],
54 silly audit   'undici-types': [ '6.20.0' ],
54 silly audit   '@types/react': [ '19.1.2' ]
54 silly audit }
55 timing reify:unpack Completed in 1ms
56 timing reify:unretire Completed in 0ms
57 timing build:queue Completed in 0ms
58 timing build:deps Completed in 0ms
59 timing build Completed in 0ms
60 timing reify:build Completed in 0ms
61 timing reify:trash Completed in 0ms
62 timing reify:save Completed in 30ms
63 http fetch POST 200 https://registry.npmjs.org/-/npm/v1/security/advisories/bulk 911ms
64 timing auditReport:getReport Completed in 914ms
65 silly audit report {}
66 timing auditReport:init Completed in 0ms
67 timing reify:audit Completed in 915ms
68 timing reify Completed in 10107ms
69 timing command:install Completed in 10113ms
70 verbose exit 0
71 timing npm Completed in 10255ms
72 info ok
