0 verbose cli C:\Program Files\nodejs\node.exe C:\Program Files\nodejs\node_modules\npm\bin\npm-cli.js
1 info using npm@8.19.4
2 info using node@v16.20.2
3 timing npm:load:whichnode Completed in 0ms
4 timing config:load:defaults Completed in 1ms
5 timing config:load:file:C:\Program Files\nodejs\node_modules\npm\npmrc Completed in 1ms
6 timing config:load:builtin Completed in 2ms
7 timing config:load:cli Completed in 2ms
8 timing config:load:env Completed in 0ms
9 timing config:load:file:C:\Users\USER\AppData\Local\Microsoft\TypeScript\5.7\.npmrc Completed in 0ms
10 timing config:load:project Completed in 2ms
11 timing config:load:file:C:\Users\USER\.npmrc Completed in 0ms
12 timing config:load:user Completed in 0ms
13 timing config:load:file:C:\Users\USER\AppData\Roaming\npm\etc\npmrc Completed in 1ms
14 timing config:load:global Completed in 1ms
15 timing config:load:validate Completed in 0ms
16 timing config:load:credentials Completed in 0ms
17 timing config:load:setEnvs Completed in 1ms
18 timing config:load Completed in 9ms
19 timing npm:load:configload Completed in 9ms
20 timing npm:load:mkdirpcache Completed in 1ms
21 timing npm:load:mkdirplogs Completed in 0ms
22 verbose title npm install @types/body-parser@ts5.7 @types/cors@ts5.7 @types/express@ts5.7
23 verbose argv "install" "--ignore-scripts" "@types/body-parser@ts5.7" "@types/cors@ts5.7" "@types/express@ts5.7" "--save-dev" "--user-agent" "typesInstaller/5.7.2"
24 timing npm:load:setTitle Completed in 1ms
25 timing config:load:flatten Completed in 2ms
26 timing npm:load:display Completed in 3ms
27 verbose logfile logs-max:10 dir:C:\Users\USER\mern-stack-project\.npm_cache\_logs
28 verbose logfile C:\Users\USER\mern-stack-project\.npm_cache\_logs\2025-04-21T18_39_33_797Z-debug-0.log
29 timing npm:load:logFile Completed in 4ms
30 timing npm:load:timers Completed in 0ms
31 timing npm:load:configScope Completed in 0ms
32 timing npm:load Completed in 19ms
33 timing arborist:ctor Completed in 1ms
34 silly logfile start cleaning logs, removing 2 files
35 silly logfile done cleaning log files
36 timing idealTree:init Completed in 51ms
37 timing arborist:ctor Completed in 0ms
38 http fetch GET 200 https://registry.npmjs.org/@types%2fbody-parser 735ms (cache updated)
39 http fetch GET 200 https://registry.npmjs.org/@types%2fcors 758ms (cache updated)
40 http fetch GET 200 https://registry.npmjs.org/@types%2fexpress 852ms (cache updated)
41 timing idealTree:userRequests Completed in 861ms
42 silly idealTree buildDeps
43 silly fetch manifest @types/body-parser@1.19.5
44 silly fetch manifest @types/cors@2.8.17
45 silly fetch manifest @types/express@5.0.1
46 silly placeDep ROOT @types/body-parser@1.19.5 REPLACE for:  want: 1.19.5
47 silly placeDep ROOT @types/cors@2.8.17 REPLACE for:  want: 2.8.17
48 silly placeDep ROOT @types/express@5.0.1 REPLACE for:  want: 5.0.1
49 timing idealTree:#root Completed in 7ms
50 timing idealTree:node_modules/@types/body-parser Completed in 0ms
51 timing idealTree:node_modules/@types/cors Completed in 0ms
52 timing idealTree:node_modules/@types/express Completed in 0ms
53 timing idealTree:buildDeps Completed in 8ms
54 timing idealTree:fixDepFlags Completed in 0ms
55 timing idealTree Completed in 921ms
56 timing reify:loadTrees Completed in 922ms
57 timing reify:diffTrees Completed in 3ms
58 silly reify moves {}
59 timing reify:retireShallow Completed in 0ms
60 timing reify:createSparse Completed in 0ms
61 timing reify:loadBundles Completed in 0ms
62 silly audit bulk request {
62 silly audit   '@types/accepts': [ '1.3.7' ],
62 silly audit   '@types/aria-query': [ '5.0.4' ],
62 silly audit   '@types/assert': [ '1.5.11' ],
62 silly audit   '@types/atob': [ '2.1.4' ],
62 silly audit   '@types/bcrypt': [ '5.0.2' ],
62 silly audit   '@types/bcryptjs': [ '2.4.6' ],
62 silly audit   '@types/btoa': [ '1.2.5' ],
62 silly audit   '@types/bytes': [ '3.1.5' ],
62 silly audit   '@types/connect': [ '3.4.38' ],
62 silly audit   '@types/content-disposition': [ '0.5.8' ],
62 silly audit   '@types/content-type': [ '1.1.8' ],
62 silly audit   '@types/cookie-signature': [ '1.1.2' ],
62 silly audit   '@types/core-js': [ '2.5.8' ],
62 silly audit   '@types/debug': [ '4.1.12' ],
62 silly audit   '@types/depd': [ '1.1.37' ],
62 silly audit   '@types/destroy': [ '1.0.3' ],
62 silly audit   '@types/ee-first': [ '1.1.3' ],
62 silly audit   '@types/encodeurl': [ '1.0.2' ],
62 silly audit   '@types/escape-html': [ '1.0.4' ],
62 silly audit   '@types/etag': [ '1.8.3' ],
62 silly audit   '@types/express-serve-static-core': [ '5.0.2' ],
62 silly audit   '@types/finalhandler': [ '1.2.3' ],
62 silly audit   '@types/forwarded': [ '0.1.3' ],
62 silly audit   '@types/fresh': [ '0.5.2' ],
62 silly audit   '@types/function-bind': [ '1.1.10' ],
62 silly audit   '@types/get-intrinsic': [ '1.2.3' ],
62 silly audit   '@types/gopd': [ '1.0.3' ],
62 silly audit   '@types/http-errors': [ '2.0.4' ],
62 silly audit   '@types/inherits': [ '2.0.0' ],
62 silly audit   '@types/jsonwebtoken': [ '9.0.8' ],
62 silly audit   '@types/media-typer': [ '1.1.3' ],
62 silly audit   '@types/memory-pager': [ '1.4.3' ],
62 silly audit   '@types/merge-descriptors': [ '1.0.3' ],
62 silly audit   '@types/methods': [ '1.1.4' ],
62 silly audit   '@types/mime': [ '1.3.5' ],
62 silly audit   '@types/mime-db': [ '1.43.5' ],
62 silly audit   '@types/mime-types': [ '2.1.4' ],
62 silly audit   '@types/ms': [ '2.1.0' ],
62 silly audit   '@types/multer': [ '1.4.12' ],
62 silly audit   '@types/negotiator': [ '0.6.3' ],
62 silly audit   '@types/node': [ '22.10.2' ],
62 silly audit   '@types/object-assign': [ '4.0.33' ],
62 silly audit   '@types/object-inspect': [ '1.13.0' ],
62 silly audit   '@types/on-finished': [ '2.3.4' ],
62 silly audit   '@types/parseurl': [ '1.3.3' ],
62 silly audit   '@types/pdfkit': [ '0.13.9' ],
62 silly audit   '@types/prop-types': [ '15.7.14' ],
62 silly audit   '@types/proxy-addr': [ '2.0.3' ],
62 silly audit   '@types/punycode': [ '2.1.4' ],
62 silly audit   '@types/qs': [ '6.9.18' ],
62 silly audit   '@types/range-parser': [ '1.2.7' ],
62 silly audit   '@types/react': [ '19.1.2' ],
62 silly audit   '@types/react-dom': [ '19.0.2' ],
62 silly audit   '@types/react-is': [ '19.0.0' ],
62 silly audit   '@types/react-paginate': [ '7.1.4' ],
62 silly audit   '@types/safer-buffer': [ '2.1.3' ],
62 silly audit   '@types/send': [ '0.17.4' ],
62 silly audit   '@types/serve-static': [ '1.15.7' ],
62 silly audit   '@types/set-cookie-parser': [ '2.4.10' ],
62 silly audit   '@types/sparse-bitfield': [ '3.0.4' ],
62 silly audit   '@types/statuses': [ '2.0.5' ],
62 silly audit   '@types/toidentifier': [ '1.0.2' ],
62 silly audit   '@types/tr46': [ '5.0.1' ],
62 silly audit   '@types/tracking': [ '1.1.33' ],
62 silly audit   '@types/type-is': [ '1.6.7' ],
62 silly audit   '@types/utils-merge': [ '1.0.0' ],
62 silly audit   '@types/vary': [ '1.1.3' ],
62 silly audit   '@types/webidl-conversions': [ '7.0.3' ],
62 silly audit   '@types/whatwg-url': [ '13.0.0' ],
62 silly audit   csstype: [ '3.1.3' ],
62 silly audit   'types-registry': [ '0.1.717' ],
62 silly audit   'undici-types': [ '6.20.0' ],
62 silly audit   '@types/body-parser': [ '1.19.5' ],
62 silly audit   '@types/cors': [ '2.8.17' ],
62 silly audit   '@types/express': [ '5.0.1' ]
62 silly audit }
63 timing reify:unpack Completed in 0ms
64 timing reify:unretire Completed in 0ms
65 timing build:queue Completed in 0ms
66 timing build:deps Completed in 0ms
67 timing build Completed in 0ms
68 timing reify:build Completed in 0ms
69 timing reify:trash Completed in 0ms
70 timing reify:save Completed in 15ms
71 http fetch POST 200 https://registry.npmjs.org/-/npm/v1/security/advisories/bulk 1182ms
72 timing auditReport:getReport Completed in 1184ms
73 silly audit report {}
74 timing auditReport:init Completed in 0ms
75 timing reify:audit Completed in 1186ms
76 timing reify Completed in 2116ms
77 timing command:install Completed in 2120ms
78 verbose exit 0
79 timing npm Completed in 2283ms
80 info ok
